CRITICAL - 2025-05-29 00:30:29 --> ParseError: syntax error, unexpected token "<", expecting end of file
[Method: GET, Route: pilotos]
in APPPATH\Views\front\pilotos_view.php on line 2.
 1 SYSTEMPATH\View\View.php(227): CodeIgniter\View\View->CodeIgniter\View\{closure}()
 2 SYSTEMPATH\Common.php(1173): CodeIgniter\View\View->render('front/pilotos_view', [], true)
 3 APPPATH\Controllers\Home.php(32): view('front/pilotos_view')
 4 SYSTEMPATH\CodeIgniter.php(933): App\Controllers\Home->pilotos()
 5 SYSTEMPATH\CodeIgniter.php(507): CodeIgniter\CodeIgniter->runController(Object(App\Controllers\Home))
 6 SYSTEMPATH\CodeIgniter.php(354): CodeIgniter\CodeIgniter->handleRequest(null, Object(Config\Cache), false)
 7 SYSTEMPATH\Boot.php(334): CodeIgniter\CodeIgniter->run()
 8 SYSTEMPATH\Boot.php(67): CodeIgniter\Boot::runCodeIgniter(Object(CodeIgniter\CodeIgniter))
 9 FCPATH\index.php(59): CodeIgniter\Boot::bootWeb(Object(Config\Paths))
CRITICAL - 2025-05-29 02:50:11 --> ErrorException: Undefined variable $piloto
[Method: GET, Route: contacta]
in APPPATH\Views\front\contacta_view.php on line 3.
 1 APPPATH\Views\front\contacta_view.php(3): CodeIgniter\Debug\Exceptions->errorHandler(2, 'Undefined variable $piloto', 'C:\\xampp\\htdocs\\ProT2_41379027\\app\\Views\\front\\contacta_view.php', 3)
 2 SYSTEMPATH\View\View.php(224): include('C:\\xampp\\htdocs\\ProT2_41379027\\app\\Views\\front\\contacta_view.php')
 3 SYSTEMPATH\View\View.php(227): CodeIgniter\View\View->CodeIgniter\View\{closure}()
 4 SYSTEMPATH\Common.php(1173): CodeIgniter\View\View->render('front/contacta_view', [], true)
 5 APPPATH\Controllers\Home.php(46): view('front/contacta_view')
 6 SYSTEMPATH\CodeIgniter.php(933): App\Controllers\Home->contacta()
 7 SYSTEMPATH\CodeIgniter.php(507): CodeIgniter\CodeIgniter->runController(Object(App\Controllers\Home))
 8 SYSTEMPATH\CodeIgniter.php(354): CodeIgniter\CodeIgniter->handleRequest(null, Object(Config\Cache), false)
 9 SYSTEMPATH\Boot.php(334): CodeIgniter\CodeIgniter->run()
10 SYSTEMPATH\Boot.php(67): CodeIgniter\Boot::runCodeIgniter(Object(CodeIgniter\CodeIgniter))
11 FCPATH\index.php(59): CodeIgniter\Boot::bootWeb(Object(Config\Paths))
